<?xml version="1.0" encoding="UTF-8"?>
<robot generator="Robot 6.0.2 (Python 3.13.7 on win32)" generated="20260309 23:37:32.054" rpa="false" schemaversion="3">
<suite id="s1" name="Fluxo Convite" source="C:\Users\fernanda.silva_d4sig\Desktop\Projeto_FestaLab\tests\fluxo_convite.robot">
<test id="s1-t1" name="Cenario: Criar convite completo com Login e Upload" line="6">
<kw name="Abrir o site da FestaLab" library="keywords" type="SETUP">
<kw name="Open Browser" library="SeleniumLibrary">
<arg>${URL}</arg>
<arg>${BROWSER}</arg>
<doc>Opens a new browser instance to the optional ``url``.</doc>
<msg timestamp="20260309 23:37:32.324" level="INFO">Opening browser 'chrome' to base url 'https://festalab.com.br/'.</msg>
<status status="PASS" starttime="20260309 23:37:32.324" endtime="20260309 23:37:35.708"/>
</kw>
<kw name="Maximize Browser Window" library="SeleniumLibrary">
<doc>Maximizes current browser window.</doc>
<status status="PASS" starttime="20260309 23:37:35.708" endtime="20260309 23:37:35.746"/>
</kw>
<kw name="Set Selenium Timeout" library="SeleniumLibrary">
<arg>30 seconds</arg>
<doc>Sets the timeout that is used by various keywords.</doc>
<status status="PASS" starttime="20260309 23:37:35.747" endtime="20260309 23:37:35.751"/>
</kw>
<kw name="Set Selenium Speed" library="SeleniumLibrary">
<arg>0.6 seconds</arg>
<doc>Sets the delay that is waited after each Selenium command.</doc>
<status status="PASS" starttime="20260309 23:37:35.751" endtime="20260309 23:37:35.752"/>
</kw>
<status status="PASS" starttime="20260309 23:37:32.324" endtime="20260309 23:37:35.752"/>
</kw>
<kw name="Clicar e Aguardar" library="keywords">
<arg>${BTN_CRIAR}</arg>
<kw name="Wait Until Element Is Visible" library="SeleniumLibrary">
<arg>${seletor}</arg>
<doc>Waits until the element ``locator`` is visible.</doc>
<status status="PASS" starttime="20260309 23:37:35.753" endtime="20260309 23:37:37.005"/>
</kw>
<kw name="Wait Until Element Is Enabled" library="SeleniumLibrary">
<arg>${seletor}</arg>
<doc>Waits until the element ``locator`` is enabled.</doc>
<status status="PASS" starttime="20260309 23:37:37.005" endtime="20260309 23:37:38.874"/>
</kw>
<kw name="Click Element" library="SeleniumLibrary">
<arg>${seletor}</arg>
<doc>Click the element identified by ``locator``.</doc>
<msg timestamp="20260309 23:37:38.875" level="INFO">Clicking element 'id=create-invitation-cta'.</msg>
<status status="PASS" starttime="20260309 23:37:38.874" endtime="20260309 23:37:40.239"/>
</kw>
<status status="PASS" starttime="20260309 23:37:35.753" endtime="20260309 23:37:40.240"/>
</kw>
<kw name="Clicar e Aguardar" library="keywords">
<arg>${BTN_USE_ARTE}</arg>
<kw name="Wait Until Element Is Visible" library="SeleniumLibrary">
<arg>${seletor}</arg>
<doc>Waits until the element ``locator`` is visible.</doc>
<status status="PASS" starttime="20260309 23:37:40.243" endtime="20260309 23:37:41.499"/>
</kw>
<kw name="Wait Until Element Is Enabled" library="SeleniumLibrary">
<arg>${seletor}</arg>
<doc>Waits until the element ``locator`` is enabled.</doc>
<status status="PASS" starttime="20260309 23:37:41.499" endtime="20260309 23:37:43.334"/>
</kw>
<kw name="Click Element" library="SeleniumLibrary">
<arg>${seletor}</arg>
<doc>Click the element identified by ``locator``.</doc>
<msg timestamp="20260309 23:37:43.337" level="INFO">Clicking element 'id=featured_use_your_art'.</msg>
<status status="PASS" starttime="20260309 23:37:43.335" endtime="20260309 23:37:44.627"/>
</kw>
<status status="PASS" starttime="20260309 23:37:40.242" endtime="20260309 23:37:44.628"/>
</kw>
<kw name="Clicar e Aguardar" library="keywords">
<arg>${BTN_PERSONALIZAR}</arg>
<kw name="Wait Until Element Is Visible" library="SeleniumLibrary">
<arg>${seletor}</arg>
<doc>Waits until the element ``locator`` is visible.</doc>
<status status="PASS" starttime="20260309 23:37:44.630" endtime="20260309 23:37:45.876"/>
</kw>
<kw name="Wait Until Element Is Enabled" library="SeleniumLibrary">
<arg>${seletor}</arg>
<doc>Waits until the element ``locator`` is enabled.</doc>
<status status="PASS" starttime="20260309 23:37:45.876" endtime="20260309 23:37:47.749"/>
</kw>
<kw name="Click Element" library="SeleniumLibrary">
<arg>${seletor}</arg>
<doc>Click the element identified by ``locator``.</doc>
<msg timestamp="20260309 23:37:47.751" level="INFO">Clicking element 'id=customize-button'.</msg>
<status status="PASS" starttime="20260309 23:37:47.750" endtime="20260309 23:37:49.519"/>
</kw>
<status status="PASS" starttime="20260309 23:37:44.629" endtime="20260309 23:37:49.519"/>
</kw>
<kw name="Clicar e Aguardar" library="keywords">
<arg>${OPT_OCASIOES}</arg>
<kw name="Wait Until Element Is Visible" library="SeleniumLibrary">
<arg>${seletor}</arg>
<doc>Waits until the element ``locator`` is visible.</doc>
<status status="PASS" starttime="20260309 23:37:49.520" endtime="20260309 23:37:50.770"/>
</kw>
<kw name="Wait Until Element Is Enabled" library="SeleniumLibrary">
<arg>${seletor}</arg>
<doc>Waits until the element ``locator`` is enabled.</doc>
<status status="PASS" starttime="20260309 23:37:50.771" endtime="20260309 23:37:52.628"/>
</kw>
<kw name="Click Element" library="SeleniumLibrary">
<arg>${seletor}</arg>
<doc>Click the element identified by ``locator``.</doc>
<msg timestamp="20260309 23:37:52.629" level="INFO">Clicking element 'xpath=//label[contains(., "Ocasiões especiais")]'.</msg>
<status status="PASS" starttime="20260309 23:37:52.629" endtime="20260309 23:37:53.898"/>
</kw>
<status status="PASS" starttime="20260309 23:37:49.520" endtime="20260309 23:37:53.898"/>
</kw>
<kw name="Preencher e Confirmar" library="keywords">
<arg>${INPUT_NOME}</arg>
<arg>Churras da Fefe</arg>
<kw name="Wait Until Element Is Visible" library="SeleniumLibrary">
<arg>${seletor}</arg>
<doc>Waits until the element ``locator`` is visible.</doc>
<status status="PASS" starttime="20260309 23:37:53.901" endtime="20260309 23:37:55.155"/>
</kw>
<kw name="Input Text" library="SeleniumLibrary">
<arg>${seletor}</arg>
<arg>${texto}</arg>
<doc>Types the given ``text`` into the text field identified by ``locator``.</doc>
<msg timestamp="20260309 23:37:55.156" level="INFO">Typing text 'Churras da Fefe' into text field 'css:input[type="text"]'.</msg>
<status status="PASS" starttime="20260309 23:37:55.156" endtime="20260309 23:37:57.100"/>
</kw>
<kw name="Click Element" library="SeleniumLibrary">
<arg>${BTN_OK_VISIVEL}</arg>
<doc>Click the element identified by ``locator``.</doc>
<msg timestamp="20260309 23:37:57.102" level="INFO">Clicking element 'xpath=(//button[contains(., "OK")])[last()]'.</msg>
<status status="PASS" starttime="20260309 23:37:57.100" endtime="20260309 23:37:58.397"/>
</kw>
<status status="PASS" starttime="20260309 23:37:53.901" endtime="20260309 23:37:58.397"/>
</kw>
<kw name="Clicar e Aguardar" library="keywords">
<arg>${CAMPO_DATA}</arg>
<kw name="Wait Until Element Is Visible" library="SeleniumLibrary">
<arg>${seletor}</arg>
<doc>Waits until the element ``locator`` is visible.</doc>
<status status="PASS" starttime="20260309 23:37:58.398" endtime="20260309 23:37:59.657"/>
</kw>
<kw name="Wait Until Element Is Enabled" library="SeleniumLibrary">
<arg>${seletor}</arg>
<doc>Waits until the element ``locator`` is enabled.</doc>
<status status="PASS" starttime="20260309 23:37:59.658" endtime="20260309 23:38:01.502"/>
</kw>
<kw name="Click Element" library="SeleniumLibrary">
<arg>${seletor}</arg>
<doc>Click the element identified by ``locator``.</doc>
<msg timestamp="20260309 23:38:01.503" level="INFO">Clicking element 'css:.calendar-input'.</msg>
<status status="PASS" starttime="20260309 23:38:01.503" endtime="20260309 23:38:02.812"/>
</kw>
<status status="PASS" starttime="20260309 23:37:58.398" endtime="20260309 23:38:02.812"/>
</kw>
<kw name="Clicar e Aguardar" library="keywords">
<arg>${DIA_30}</arg>
<kw name="Wait Until Element Is Visible" library="SeleniumLibrary">
<arg>${seletor}</arg>
<doc>Waits until the element ``locator`` is visible.</doc>
<status status="PASS" starttime="20260309 23:38:02.815" endtime="20260309 23:38:04.067"/>
</kw>
<kw name="Wait Until Element Is Enabled" library="SeleniumLibrary">
<arg>${seletor}</arg>
<doc>Waits until the element ``locator`` is enabled.</doc>
<status status="PASS" starttime="20260309 23:38:04.068" endtime="20260309 23:38:05.919"/>
</kw>
<kw name="Click Element" library="SeleniumLibrary">
<arg>${seletor}</arg>
<doc>Click the element identified by ``locator``.</doc>
<msg timestamp="20260309 23:38:05.921" level="INFO">Clicking element 'xpath=//div[contains(@class, "calendar-body__day") and text()="30"]'.</msg>
<status status="PASS" starttime="20260309 23:38:05.920" endtime="20260309 23:38:07.190"/>
</kw>
<status status="PASS" starttime="20260309 23:38:02.815" endtime="20260309 23:38:07.191"/>
</kw>
<kw name="Click Element" library="SeleniumLibrary">
<arg>${BTN_OK_VISIVEL}</arg>
<doc>Click the element identified by ``locator``.</doc>
<msg timestamp="20260309 23:38:07.193" level="INFO">Clicking element 'xpath=(//button[contains(., "OK")])[last()]'.</msg>
<status status="PASS" starttime="20260309 23:38:07.192" endtime="20260309 23:38:08.462"/>
</kw>
<kw name="Clicar e Aguardar" library="keywords">
<arg>${BTN_OK_VISIVEL}</arg>
<kw name="Wait Until Element Is Visible" library="SeleniumLibrary">
<arg>${seletor}</arg>
<doc>Waits until the element ``locator`` is visible.</doc>
<status status="PASS" starttime="20260309 23:38:08.465" endtime="20260309 23:38:09.712"/>
</kw>
<kw name="Wait Until Element Is Enabled" library="SeleniumLibrary">
<arg>${seletor}</arg>
<doc>Waits until the element ``locator`` is enabled.</doc>
<status status="PASS" starttime="20260309 23:38:09.712" endtime="20260309 23:38:11.583"/>
</kw>
<kw name="Click Element" library="SeleniumLibrary">
<arg>${seletor}</arg>
<doc>Click the element identified by ``locator``.</doc>
<msg timestamp="20260309 23:38:11.584" level="INFO">Clicking element 'xpath=(//button[contains(., "OK")])[last()]'.</msg>
<status status="PASS" starttime="20260309 23:38:11.583" endtime="20260309 23:38:12.928"/>
</kw>
<status status="PASS" starttime="20260309 23:38:08.464" endtime="20260309 23:38:12.928"/>
</kw>
<kw name="Clicar e Aguardar" library="keywords">
<arg>${BTN_SIM}</arg>
<kw name="Wait Until Element Is Visible" library="SeleniumLibrary">
<arg>${seletor}</arg>
<doc>Waits until the element ``locator`` is visible.</doc>
<status status="PASS" starttime="20260309 23:38:12.930" endtime="20260309 23:38:14.170"/>
</kw>
<kw name="Wait Until Element Is Enabled" library="SeleniumLibrary">
<arg>${seletor}</arg>
<doc>Waits until the element ``locator`` is enabled.</doc>
<status status="PASS" starttime="20260309 23:38:14.170" endtime="20260309 23:38:16.037"/>
</kw>
<kw name="Click Element" library="SeleniumLibrary">
<arg>${seletor}</arg>
<doc>Click the element identified by ``locator``.</doc>
<msg timestamp="20260309 23:38:16.038" level="INFO">Clicking element 'xpath=//button[contains(., "Sim")]'.</msg>
<status status="PASS" starttime="20260309 23:38:16.037" endtime="20260309 23:38:17.389"/>
</kw>
<status status="PASS" starttime="20260309 23:38:12.929" endtime="20260309 23:38:17.389"/>
</kw>
<kw name="Preencher e Confirmar" library="keywords">
<arg>${INPUT_CEP}</arg>
<arg>09030-550</arg>
<kw name="Wait Until Element Is Visible" library="SeleniumLibrary">
<arg>${seletor}</arg>
<doc>Waits until the element ``locator`` is visible.</doc>
<status status="PASS" starttime="20260309 23:38:17.392" endtime="20260309 23:38:18.637"/>
</kw>
<kw name="Input Text" library="SeleniumLibrary">
<arg>${seletor}</arg>
<arg>${texto}</arg>
<doc>Types the given ``text`` into the text field identified by ``locator``.</doc>
<msg timestamp="20260309 23:38:18.640" level="INFO">Typing text '09030-550' into text field 'xpath=//input[@name="event[zipcode]"]'.</msg>
<status status="PASS" starttime="20260309 23:38:18.638" endtime="20260309 23:38:20.557"/>
</kw>
<kw name="Click Element" library="SeleniumLibrary">
<arg>${BTN_OK_VISIVEL}</arg>
<doc>Click the element identified by ``locator``.</doc>
<msg timestamp="20260309 23:38:20.559" level="INFO">Clicking element 'xpath=(//button[contains(., "OK")])[last()]'.</msg>
<status status="PASS" starttime="20260309 23:38:20.558" endtime="20260309 23:38:21.837"/>
</kw>
<status status="PASS" starttime="20260309 23:38:17.390" endtime="20260309 23:38:21.838"/>
</kw>
<kw name="Wait Until Element Is Visible" library="SeleniumLibrary">
<arg>${BTN_OK_VISIVEL}</arg>
<doc>Waits until the element ``locator`` is visible.</doc>
<status status="PASS" starttime="20260309 23:38:21.840" endtime="20260309 23:38:23.102"/>
</kw>
<kw name="Click Element" library="SeleniumLibrary">
<arg>${BTN_OK_VISIVEL}</arg>
<doc>Click the element identified by ``locator``.</doc>
<msg timestamp="20260309 23:38:23.106" level="INFO">Clicking element 'xpath=(//button[contains(., "OK")])[last()]'.</msg>
<status status="PASS" starttime="20260309 23:38:23.104" endtime="20260309 23:38:24.390"/>
</kw>
<kw name="Clicar e Aguardar" library="keywords">
<arg>${BTN_OUTRO}</arg>
<kw name="Wait Until Element Is Visible" library="SeleniumLibrary">
<arg>${seletor}</arg>
<doc>Waits until the element ``locator`` is visible.</doc>
<status status="PASS" starttime="20260309 23:38:24.392" endtime="20260309 23:38:25.640"/>
</kw>
<kw name="Wait Until Element Is Enabled" library="SeleniumLibrary">
<arg>${seletor}</arg>
<doc>Waits until the element ``locator`` is enabled.</doc>
<status status="PASS" starttime="20260309 23:38:25.640" endtime="20260309 23:38:27.495"/>
</kw>
<kw name="Click Element" library="SeleniumLibrary">
<arg>${seletor}</arg>
<doc>Click the element identified by ``locator``.</doc>
<msg timestamp="20260309 23:38:27.496" level="INFO">Clicking element 'xpath=//button[contains(., "Outro")]'.</msg>
<status status="PASS" starttime="20260309 23:38:27.495" endtime="20260309 23:38:28.770"/>
</kw>
<status status="PASS" starttime="20260309 23:38:24.391" endtime="20260309 23:38:28.770"/>
</kw>
<kw name="Preencher e Confirmar" library="keywords">
<arg>${INPUT_OUTRO_LOCAL}</arg>
<arg>casa da sogra</arg>
<kw name="Wait Until Element Is Visible" library="SeleniumLibrary">
<arg>${seletor}</arg>
<doc>Waits until the element ``locator`` is visible.</doc>
<status status="PASS" starttime="20260309 23:38:28.774" endtime="20260309 23:38:30.019"/>
</kw>
<kw name="Input Text" library="SeleniumLibrary">
<arg>${seletor}</arg>
<arg>${texto}</arg>
<doc>Types the given ``text`` into the text field identified by ``locator``.</doc>
<msg timestamp="20260309 23:38:30.021" level="INFO">Typing text 'casa da sogra' into text field 'xpath=//div[contains(@class, "active")]//input[@data-form-target="input"]'.</msg>
<status status="PASS" starttime="20260309 23:38:30.019" endtime="20260309 23:38:31.934"/>
</kw>
<kw name="Click Element" library="SeleniumLibrary">
<arg>${BTN_OK_VISIVEL}</arg>
<doc>Click the element identified by ``locator``.</doc>
<msg timestamp="20260309 23:38:31.935" level="INFO">Clicking element 'xpath=(//button[contains(., "OK")])[last()]'.</msg>
<status status="PASS" starttime="20260309 23:38:31.934" endtime="20260309 23:38:33.221"/>
</kw>
<status status="PASS" starttime="20260309 23:38:28.772" endtime="20260309 23:38:33.222"/>
</kw>
<kw name="Realizar Login" library="keywords">
<arg>hidir20311@keecs.com</arg>
<arg>teste@123</arg>
<kw name="Clicar e Aguardar" library="keywords">
<arg>${BTN_JA_TENHO_CONTA}</arg>
<kw name="Wait Until Element Is Visible" library="SeleniumLibrary">
<arg>${seletor}</arg>
<doc>Waits until the element ``locator`` is visible.</doc>
<status status="PASS" starttime="20260309 23:38:33.226" endtime="20260309 23:38:37.796"/>
</kw>
<kw name="Wait Until Element Is Enabled" library="SeleniumLibrary">
<arg>${seletor}</arg>
<doc>Waits until the element ``locator`` is enabled.</doc>
<status status="PASS" starttime="20260309 23:38:37.797" endtime="20260309 23:38:39.644"/>
</kw>
<kw name="Click Element" library="SeleniumLibrary">
<arg>${seletor}</arg>
<doc>Click the element identified by ``locator``.</doc>
<msg timestamp="20260309 23:38:39.646" level="INFO">Clicking element 'xpath=//a[contains(., "Já tenho conta")]'.</msg>
<status status="PASS" starttime="20260309 23:38:39.644" endtime="20260309 23:38:40.946"/>
</kw>
<status status="PASS" starttime="20260309 23:38:33.225" endtime="20260309 23:38:40.946"/>
</kw>
<kw name="Wait Until Element Is Visible" library="SeleniumLibrary">
<arg>${INPUT_EMAIL}</arg>
<doc>Waits until the element ``locator`` is visible.</doc>
<status status="PASS" starttime="20260309 23:38:40.947" endtime="20260309 23:38:42.214"/>
</kw>
<kw name="Input Text" library="SeleniumLibrary">
<arg>${INPUT_EMAIL}</arg>
<arg>${email}</arg>
<doc>Types the given ``text`` into the text field identified by ``locator``.</doc>
<msg timestamp="20260309 23:38:42.216" level="INFO">Typing text 'hidir20311@keecs.com' into text field 'id=session_email'.</msg>
<status status="PASS" starttime="20260309 23:38:42.214" endtime="20260309 23:38:44.188"/>
</kw>
<kw name="Input Password" library="SeleniumLibrary">
<arg>${INPUT_SENHA}</arg>
<arg>${senha}</arg>
<doc>Types the given password into the text field identified by ``locator``.</doc>
<msg timestamp="20260309 23:38:44.190" level="INFO">Typing password into text field 'id=session_password'.</msg>
<msg timestamp="20260309 23:38:45.458" level="INFO">Temporally setting log level to: NONE</msg>
<msg timestamp="20260309 23:38:46.113" level="INFO">Log level changed from NONE to INFO.</msg>
<status status="PASS" starttime="20260309 23:38:44.188" endtime="20260309 23:38:46.113"/>
</kw>
<kw name="Click Button" library="SeleniumLibrary">
<arg>${BTN_ENTRAR_MODAL}</arg>
<doc>Clicks the button identified by ``locator``.</doc>
<msg timestamp="20260309 23:38:46.114" level="INFO">Clicking button 'id=session_form_submit'.</msg>
<status status="PASS" starttime="20260309 23:38:46.113" endtime="20260309 23:38:49.225"/>
</kw>
<status status="PASS" starttime="20260309 23:38:33.224" endtime="20260309 23:38:49.226"/>
</kw>
<kw name="Realizar Upload da Foto" library="keywords">
<arg>imagem_testeJPEG.jpeg</arg>
<kw name="Normalize Path" library="OperatingSystem">
<var>${IMAGEM_PATH}</var>
<arg>C:\\Users\\fernanda.silva_d4sig\\Desktop\\Projeto_FestaLab\\resources/../tests/images/${nome_imagem}</arg>
<doc>Normalizes the given path.</doc>
<msg timestamp="20260309 23:38:49.229" level="INFO">${IMAGEM_PATH} = C:\Users\fernanda.silva_d4sig\Desktop\Projeto_FestaLab\tests\images\imagem_testeJPEG.jpeg</msg>
<status status="PASS" starttime="20260309 23:38:49.228" endtime="20260309 23:38:49.229"/>
</kw>
<kw name="File Should Exist" library="OperatingSystem">
<arg>${IMAGEM_PATH}</arg>
<doc>Fails unless the given ``path`` points to an existing file.</doc>
<msg timestamp="20260309 23:38:49.230" level="INFO" html="true">File '&lt;a href="file://C:\Users\fernanda.silva_d4sig\Desktop\Projeto_FestaLab\tests\images\imagem_testeJPEG.jpeg"&gt;C:\Users\fernanda.silva_d4sig\Desktop\Projeto_FestaLab\tests\images\imagem_testeJPEG.jpeg&lt;/a&gt;' exists.</msg>
<status status="PASS" starttime="20260309 23:38:49.229" endtime="20260309 23:38:49.230"/>
</kw>
<kw name="Wait Until Page Contains Element" library="SeleniumLibrary">
<arg>${INPUT_FILE}</arg>
<doc>Waits until the element ``locator`` appears on the current page.</doc>
<status status="PASS" starttime="20260309 23:38:49.230" endtime="20260309 23:38:50.702"/>
</kw>
<kw name="Choose File" library="SeleniumLibrary">
<arg>${INPUT_FILE}</arg>
<arg>${IMAGEM_PATH}</arg>
<doc>Inputs the ``file_path`` into the file input field ``locator``.</doc>
<msg timestamp="20260309 23:38:50.704" level="INFO">Sending C:\Users\fernanda.silva_d4sig\Desktop\Projeto_FestaLab\tests\images\imagem_testeJPEG.jpeg to browser.</msg>
<status status="PASS" starttime="20260309 23:38:50.703" endtime="20260309 23:38:51.982"/>
</kw>
<kw name="Clicar e Aguardar" library="keywords">
<arg>${BTN_SALVAR_FOTO}</arg>
<kw name="Wait Until Element Is Visible" library="SeleniumLibrary">
<arg>${seletor}</arg>
<doc>Waits until the element ``locator`` is visible.</doc>
<status status="PASS" starttime="20260309 23:38:51.983" endtime="20260309 23:38:53.222"/>
</kw>
<kw name="Wait Until Element Is Enabled" library="SeleniumLibrary">
<arg>${seletor}</arg>
<doc>Waits until the element ``locator`` is enabled.</doc>
<status status="PASS" starttime="20260309 23:38:53.222" endtime="20260309 23:38:55.095"/>
</kw>
<kw name="Click Element" library="SeleniumLibrary">
<arg>${seletor}</arg>
<doc>Click the element identified by ``locator``.</doc>
<msg timestamp="20260309 23:38:55.095" level="INFO">Clicking element 'id=new_photo_form_submit'.</msg>
<status status="PASS" starttime="20260309 23:38:55.095" endtime="20260309 23:38:56.413"/>
</kw>
<status status="PASS" starttime="20260309 23:38:51.982" endtime="20260309 23:38:56.413"/>
</kw>
<status status="PASS" starttime="20260309 23:38:49.227" endtime="20260309 23:38:56.413"/>
</kw>
<kw name="Aguardar e Validar Convite Pronto" library="keywords">
<kw name="Wait Until Page Contains" library="SeleniumLibrary">
<arg>Churras da Fefe</arg>
<arg>60s</arg>
<doc>Waits until ``text`` appears on the current page.</doc>
<status status="PASS" starttime="20260309 23:38:56.415" endtime="20260309 23:38:58.233"/>
</kw>
<kw name="Capture Page Screenshot" library="SeleniumLibrary">
<arg>convite_finalizado.png</arg>
<doc>Takes a screenshot of the current page and embeds it into a log file.</doc>
<msg timestamp="20260309 23:38:58.999" level="INFO" html="true">&lt;/td&gt;&lt;/tr&gt;&lt;tr&gt;&lt;td colspan="3"&gt;&lt;a href="convite_finalizado.png"&gt;&lt;img src="convite_finalizado.png" width="800px"&gt;&lt;/a&gt;</msg>
<status status="PASS" starttime="20260309 23:38:58.233" endtime="20260309 23:38:58.999"/>
</kw>
<kw name="Page Should Contain" library="SeleniumLibrary">
<arg>Churras da Fefe</arg>
<doc>Verifies that current page contains ``text``.</doc>
<msg timestamp="20260309 23:39:00.235" level="INFO">Current page contains text 'Churras da Fefe'.</msg>
<status status="PASS" starttime="20260309 23:38:58.999" endtime="20260309 23:39:00.236"/>
</kw>
<status status="PASS" starttime="20260309 23:38:56.414" endtime="20260309 23:39:00.237"/>
</kw>
<kw name="Close Browser" library="SeleniumLibrary" type="TEARDOWN">
<doc>Closes the current browser.</doc>
<status status="PASS" starttime="20260309 23:39:00.240" endtime="20260309 23:39:03.043"/>
</kw>
<status status="PASS" starttime="20260309 23:37:32.323" endtime="20260309 23:39:03.044"/>
</test>
<status status="PASS" starttime="20260309 23:37:32.056" endtime="20260309 23:39:03.047"/>
</suite>
<statistics>
<total>
<stat pass="1" fail="0" skip="0">All Tests</stat>
</total>
<tag>
</tag>
<suite>
<stat pass="1" fail="0" skip="0" id="s1" name="Fluxo Convite">Fluxo Convite</stat>
</suite>
</statistics>
<errors>
</errors>
</robot>
